<?xml version="1.0" encoding="UTF-8"?>
<robot generator="Robot 6.1 (Python 3.11.4 on darwin)" generated="20230719 13:51:28.177" rpa="false" schemaversion="4">
<suite id="s1" name="webAdminSU" source="/Users/hoya/Desktop/automateTest/adminSU/webAdminSU.robot">
<test id="s1-t1" name="Open Web Admin Browser" line="6">
<kw name="Open Web Admin Browser" library="keyword_login">
<kw name="Open Browser" library="SeleniumLibrary">
<arg>https://smartplus-dev.su.ac.th/admin/auth</arg>
<arg>browser=chrome</arg>
<arg>options=add_experimental_option("detach", True)</arg>
<doc>Opens a new browser instance to the optional ``url``.</doc>
<msg timestamp="20230719 13:51:28.256" level="INFO">Opening browser 'chrome' to base url 'https://smartplus-dev.su.ac.th/admin/auth'.</msg>
<status status="PASS" starttime="20230719 13:51:28.256" endtime="20230719 13:51:36.182"/>
</kw>
<status status="PASS" starttime="20230719 13:51:28.256" endtime="20230719 13:51:36.183"/>
</kw>
<status status="PASS" starttime="20230719 13:51:28.255" endtime="20230719 13:51:36.183"/>
</test>
<test id="s1-t2" name="Sign in with SSO" line="8">
<kw name="Click Button sign in with sso" library="keyword_login">
<kw name="Click Element" library="SeleniumLibrary">
<arg>${Click Button sign in with SSO}</arg>
<doc>Click the element identified by ``locator``.</doc>
<msg timestamp="20230719 13:51:36.184" level="INFO">Clicking element 'xpath=//*[@id="root"]/div/div[2]/div/div/div/div/div/button/span'.</msg>
<status status="PASS" starttime="20230719 13:51:36.183" endtime="20230719 13:51:42.289"/>
</kw>
<status status="PASS" starttime="20230719 13:51:36.183" endtime="20230719 13:51:42.289"/>
</kw>
<kw name="Input your Email" library="keyword_login">
<kw name="Wait Until Element Is Visible" library="SeleniumLibrary">
<arg>xpath=//*[@id="i0116"]</arg>
<arg>10s</arg>
<doc>Waits until the element ``locator`` is visible.</doc>
<status status="PASS" starttime="20230719 13:51:42.289" endtime="20230719 13:51:50.197"/>
</kw>
<kw name="Input Text" library="SeleniumLibrary">
<arg>xpath=//*[@id="i0116"]</arg>
<arg>${Email}</arg>
<doc>Types the given ``text`` into the text field identified by ``locator``.</doc>
<msg timestamp="20230719 13:51:50.197" level="INFO">Typing text 'pawutinan_s@su.ac.th' into text field 'xpath=//*[@id="i0116"]'.</msg>
<status status="PASS" starttime="20230719 13:51:50.197" endtime="20230719 13:51:50.763"/>
</kw>
<status status="PASS" starttime="20230719 13:51:42.289" endtime="20230719 13:51:50.763"/>
</kw>
<kw name="Click Button Next" library="keyword_login">
<kw name="Click Element" library="SeleniumLibrary">
<arg>${Click Next, Yes, Sign in}</arg>
<doc>Click the element identified by ``locator``.</doc>
<msg timestamp="20230719 13:51:50.763" level="INFO">Clicking element 'xpath=//*[@id="idSIButton9"]'.</msg>
<status status="PASS" starttime="20230719 13:51:50.763" endtime="20230719 13:51:51.443"/>
</kw>
<status status="PASS" starttime="20230719 13:51:50.763" endtime="20230719 13:51:51.443"/>
</kw>
<kw name="Input your Password" library="keyword_login">
<kw name="Wait Until Element Is Visible" library="SeleniumLibrary">
<arg>xpath=//*[@id="i0118"]</arg>
<arg>10s</arg>
<doc>Waits until the element ``locator`` is visible.</doc>
<msg timestamp="20230719 13:51:51.954" level="INFO">Suppressing StaleElementReferenceException from Selenium.</msg>
<status status="PASS" starttime="20230719 13:51:51.443" endtime="20230719 13:51:52.730"/>
</kw>
<kw name="Input Password" library="SeleniumLibrary">
<arg>xpath=//*[@id="i0118"]</arg>
<arg>${Password}</arg>
<doc>Types the given password into the text field identified by ``locator``.</doc>
<msg timestamp="20230719 13:51:52.731" level="INFO">Typing password into text field 'xpath=//*[@id="i0118"]'.</msg>
<msg timestamp="20230719 13:51:53.019" level="INFO">Temporally setting log level to: NONE</msg>
<msg timestamp="20230719 13:51:53.190" level="INFO">Log level changed from NONE to INFO.</msg>
<status status="PASS" starttime="20230719 13:51:52.730" endtime="20230719 13:51:53.190"/>
</kw>
<status status="PASS" starttime="20230719 13:51:51.443" endtime="20230719 13:51:53.190"/>
</kw>
<kw name="Click Button Sign in" library="keyword_login">
<kw name="Click Element" library="SeleniumLibrary">
<arg>${Click Next, Yes, Sign in}</arg>
<doc>Click the element identified by ``locator``.</doc>
<msg timestamp="20230719 13:51:53.191" level="INFO">Clicking element 'xpath=//*[@id="idSIButton9"]'.</msg>
<status status="PASS" starttime="20230719 13:51:53.191" endtime="20230719 13:51:55.761"/>
</kw>
<status status="PASS" starttime="20230719 13:51:53.191" endtime="20230719 13:51:55.761"/>
</kw>
<kw name="Click Button Yes" library="keyword_login">
<kw name="Click Element" library="SeleniumLibrary">
<arg>${Click Next, Yes, Sign in}</arg>
<doc>Click the element identified by ``locator``.</doc>
<msg timestamp="20230719 13:51:55.761" level="INFO">Clicking element 'xpath=//*[@id="idSIButton9"]'.</msg>
<status status="PASS" starttime="20230719 13:51:55.761" endtime="20230719 13:51:56.790"/>
</kw>
<status status="PASS" starttime="20230719 13:51:55.761" endtime="20230719 13:51:56.790"/>
</kw>
<status status="PASS" starttime="20230719 13:51:36.183" endtime="20230719 13:51:56.790"/>
</test>
<test id="s1-t3" name="Menu AboutSU" line="15">
<kw name="Click Tab AboutSU" library="keyword_aboutSU">
<kw name="Wait Until Element Is Visible" library="SeleniumLibrary">
<arg>xpath=//*[@id="root"]/div/section/aside/div/div/div[1]/div[2]/ul/li[6]/span[1]</arg>
<arg>20s</arg>
<doc>Waits until the element ``locator`` is visible.</doc>
<status status="PASS" starttime="20230719 13:51:56.791" endtime="20230719 13:52:13.753"/>
</kw>
<kw name="Click Element" library="SeleniumLibrary">
<arg>xpath=//*[@id="root"]/div/section/aside/div/div/div[1]/div[2]/ul/li[6]/span[1]</arg>
<doc>Click the element identified by ``locator``.</doc>
<msg timestamp="20230719 13:52:13.753" level="INFO">Clicking element 'xpath=//*[@id="root"]/div/section/aside/div/div/div[1]/div[2]/ul/li[6]/span[1]'.</msg>
<status status="PASS" starttime="20230719 13:52:13.753" endtime="20230719 13:52:19.416"/>
</kw>
<status status="PASS" starttime="20230719 13:51:56.791" endtime="20230719 13:52:19.416"/>
</kw>
<kw name="Check that it is an AboutSU Page" library="keyword_aboutSU">
<kw name="Page Should Contain" library="SeleniumLibrary">
<arg>About SU</arg>
<doc>Verifies that current page contains ``text``.</doc>
<msg timestamp="20230719 13:52:24.941" level="INFO">Current page contains text 'About SU'.</msg>
<status status="PASS" starttime="20230719 13:52:19.416" endtime="20230719 13:52:24.941"/>
</kw>
<status status="PASS" starttime="20230719 13:52:19.416" endtime="20230719 13:52:24.941"/>
</kw>
<kw name="Create Topic of About SU success" library="keyword_aboutSU">
<kw name="Click Element" library="SeleniumLibrary">
<arg>${Create Topic}</arg>
<doc>Click the element identified by ``locator``.</doc>
<msg timestamp="20230719 13:52:24.942" level="INFO">Clicking element 'xpath=//*[contains(text(), 'Create Topic')]'.</msg>
<status status="PASS" starttime="20230719 13:52:24.942" endtime="20230719 13:52:33.336"/>
</kw>
<kw name="File Should Exist" library="OperatingSystem">
<arg>/Users/hoya/Desktop/automateTest/adminSU/keys/file/tony.jpeg</arg>
<doc>Fails unless the given ``path`` points to an existing file.</doc>
<msg timestamp="20230719 13:52:33.337" level="INFO" html="true">File '&lt;a href="file:///Users/hoya/Desktop/automateTest/adminSU/keys/file/tony.jpeg"&gt;/Users/hoya/Desktop/automateTest/adminSU/keys/file/tony.jpeg&lt;/a&gt;' exists.</msg>
<status status="PASS" starttime="20230719 13:52:33.336" endtime="20230719 13:52:33.337"/>
</kw>
<kw name="Choose File" library="SeleniumLibrary">
<arg>basic_bannerImg</arg>
<arg>/Users/hoya/Desktop/automateTest/adminSU/keys/file/tony.jpeg</arg>
<doc>Inputs the ``file_path`` into the file input field ``locator``.</doc>
<msg timestamp="20230719 13:52:33.337" level="INFO">Sending /Users/hoya/Desktop/automateTest/adminSU/keys/file/tony.jpeg to browser.</msg>
<status status="PASS" starttime="20230719 13:52:33.337" endtime="20230719 13:52:36.763"/>
</kw>
<kw name="Input Text" library="SeleniumLibrary">
<arg>basic_topic_topicName</arg>
<arg>หัวข้อเกี่ยวกับมหาวิทยาลัยศิลปากร</arg>
<doc>Types the given ``text`` into the text field identified by ``locator``.</doc>
<msg timestamp="20230719 13:52:36.765" level="INFO">Typing text 'หัวข้อเกี่ยวกับมหาวิทยาลัยศิลปากร' into text field 'basic_topic_topicName'.</msg>
<status status="PASS" starttime="20230719 13:52:36.763" endtime="20230719 13:52:48.386"/>
</kw>
<kw name="Input Text" library="SeleniumLibrary">
<arg>basic_topic_topicNameEng</arg>
<arg>Topic about Silpakorn University</arg>
<doc>Types the given ``text`` into the text field identified by ``locator``.</doc>
<msg timestamp="20230719 13:52:48.386" level="INFO">Typing text 'Topic about Silpakorn University' into text field 'basic_topic_topicNameEng'.</msg>
<status status="PASS" starttime="20230719 13:52:48.386" endtime="20230719 13:52:50.186"/>
</kw>
<kw name="Click Element" library="SeleniumLibrary">
<arg>${Text and images article}</arg>
<doc>Click the element identified by ``locator``.</doc>
<msg timestamp="20230719 13:52:50.186" level="INFO">Clicking element 'xpath=//*[@id="basic_contents_0_type"]/label[1]'.</msg>
<status status="PASS" starttime="20230719 13:52:50.186" endtime="20230719 13:52:50.397"/>
</kw>
<kw name="Input Text" library="SeleniumLibrary">
<arg>${Input content thai}</arg>
<arg>content ภาษาไทย</arg>
<doc>Types the given ``text`` into the text field identified by ``locator``.</doc>
<msg timestamp="20230719 13:52:50.399" level="INFO">Typing text 'content ภาษาไทย' into text field 'xpath=//div[@class='ql-editor ql-blank']'.</msg>
<status status="PASS" starttime="20230719 13:52:50.398" endtime="20230719 13:52:53.785"/>
</kw>
<kw name="Input Text" library="SeleniumLibrary">
<arg>${Input content eng}</arg>
<arg>content English</arg>
<doc>Types the given ``text`` into the text field identified by ``locator``.</doc>
<msg timestamp="20230719 13:52:53.785" level="INFO">Typing text 'content English' into text field 'xpath=(//div[@contenteditable='true'])[3]'.</msg>
<status status="PASS" starttime="20230719 13:52:53.785" endtime="20230719 13:52:54.783"/>
</kw>
<kw name="Click Element" library="SeleniumLibrary">
<arg>${Create new section button}</arg>
<doc>Click the element identified by ``locator``.</doc>
<msg timestamp="20230719 13:52:54.783" level="INFO">Clicking element 'xpath=//*[contains(text(), 'Create new section')]'.</msg>
<status status="PASS" starttime="20230719 13:52:54.783" endtime="20230719 13:53:00.237"/>
</kw>
<kw name="Click Button" library="SeleniumLibrary">
<arg>${Delete new section}</arg>
<doc>Clicks the button identified by ``locator``.</doc>
<msg timestamp="20230719 13:53:00.237" level="INFO">Clicking button 'xpath=//button[@data-testid='delete-button']'.</msg>
<status status="PASS" starttime="20230719 13:53:00.237" endtime="20230719 13:53:00.987"/>
</kw>
<kw name="Click Element" library="SeleniumLibrary">
<arg>${Preview about SU}</arg>
<doc>Click the element identified by ``locator``.</doc>
<msg timestamp="20230719 13:53:00.988" level="INFO">Clicking element 'xpath=//*[@id="root"]/div/div/section/section/header/div[2]/div/div[1]'.</msg>
<status status="PASS" starttime="20230719 13:53:00.987" endtime="20230719 13:53:02.073"/>
</kw>
<kw name="Wait Until Element Is Visible" library="SeleniumLibrary">
<arg>${Close Preview}</arg>
<arg>5s</arg>
<doc>Waits until the element ``locator`` is visible.</doc>
<status status="PASS" starttime="20230719 13:53:02.073" endtime="20230719 13:53:02.310"/>
</kw>
<kw name="Click Element" library="SeleniumLibrary">
<arg>${Close Preview}</arg>
<doc>Click the element identified by ``locator``.</doc>
<msg timestamp="20230719 13:53:02.310" level="INFO">Clicking element 'xpath=/html/body/div[2]/div/div[3]/div/div/div[1]/div[1]/button'.</msg>
<status status="PASS" starttime="20230719 13:53:02.310" endtime="20230719 13:53:03.360"/>
</kw>
<kw name="Click Button" library="SeleniumLibrary">
<arg>${Save button}</arg>
<doc>Clicks the button identified by ``locator``.</doc>
<msg timestamp="20230719 13:53:03.361" level="INFO">Clicking button 'xpath=//*[@id="root"]/div/div/section/section/header/div[2]/div/div[4]/button'.</msg>
<status status="PASS" starttime="20230719 13:53:03.360" endtime="20230719 13:53:04.838"/>
</kw>
<kw name="Click Button" library="SeleniumLibrary">
<arg>${Cancel button}</arg>
<doc>Clicks the button identified by ``locator``.</doc>
<msg timestamp="20230719 13:53:04.839" level="INFO">Clicking button 'xpath=/html/body/div[3]/div/div[2]/div/div[2]/div/div/div[2]/button[1]'.</msg>
<status status="PASS" starttime="20230719 13:53:04.838" endtime="20230719 13:53:05.938"/>
</kw>
<kw name="Click Button" library="SeleniumLibrary">
<arg>${Save button}</arg>
<doc>Clicks the button identified by ``locator``.</doc>
<msg timestamp="20230719 13:53:05.939" level="INFO">Clicking button 'xpath=//*[@id="root"]/div/div/section/section/header/div[2]/div/div[4]/button'.</msg>
<status status="PASS" starttime="20230719 13:53:05.938" endtime="20230719 13:53:06.763"/>
</kw>
<status status="PASS" starttime="20230719 13:52:24.942" endtime="20230719 13:53:06.763"/>
</kw>
<status status="PASS" starttime="20230719 13:51:56.790" endtime="20230719 13:53:06.763"/>
</test>
<status status="PASS" starttime="20230719 13:51:28.178" endtime="20230719 13:53:06.763"/>
</suite>
<statistics>
<total>
<stat pass="3" fail="0" skip="0">All Tests</stat>
</total>
<tag>
</tag>
<suite>
<stat pass="3" fail="0" skip="0" id="s1" name="webAdminSU">webAdminSU</stat>
</suite>
</statistics>
<errors>
</errors>
</robot>
