<?xml version="1.0" encoding="UTF-8"?>
<robot generator="Robot 6.1 (Python 3.11.4 on darwin)" generated="20230724 14:34:18.660" rpa="false" schemaversion="4">
<suite id="s1" name="webAdminSU" source="/Users/hoya/Desktop/automateTest/adminSU/webAdminSU.robot">
<test id="s1-t1" name="Open Web Admin Browser" line="6">
<kw name="Open Web Admin Browser SU smartplus" library="keyword_login">
<kw name="Open Browser" library="SeleniumLibrary">
<arg>https://smartplus-dev.su.ac.th/admin/auth</arg>
<arg>browser=chrome</arg>
<arg>options=add_experimental_option("detach", True)</arg>
<doc>Opens a new browser instance to the optional ``url``.</doc>
<msg timestamp="20230724 14:34:18.736" level="INFO">Opening browser 'chrome' to base url 'https://smartplus-dev.su.ac.th/admin/auth'.</msg>
<status status="PASS" starttime="20230724 14:34:18.736" endtime="20230724 14:34:35.576"/>
</kw>
<status status="PASS" starttime="20230724 14:34:18.736" endtime="20230724 14:34:35.576"/>
</kw>
<status status="PASS" starttime="20230724 14:34:18.736" endtime="20230724 14:34:35.576"/>
</test>
<test id="s1-t2" name="Sign in with SSO" line="9">
<kw name="Click Button sign in with sso" library="keyword_login">
<kw name="Click Element" library="SeleniumLibrary">
<arg>${Click Button sign in with SSO}</arg>
<doc>Click the element identified by ``locator``.</doc>
<msg timestamp="20230724 14:34:35.577" level="INFO">Clicking element 'xpath=//*[@id="root"]/div/div[2]/div/div/div/div/div/button/span'.</msg>
<status status="PASS" starttime="20230724 14:34:35.577" endtime="20230724 14:34:39.191"/>
</kw>
<status status="PASS" starttime="20230724 14:34:35.577" endtime="20230724 14:34:39.191"/>
</kw>
<kw name="Input your Email pawutinan_s@su.ac.th" library="keyword_login" sourcename="Input your Email ${Email}">
<kw name="Wait Until Element Is Visible" library="SeleniumLibrary">
<arg>xpath=//*[@id="i0116"]</arg>
<arg>10s</arg>
<doc>Waits until the element ``locator`` is visible.</doc>
<status status="PASS" starttime="20230724 14:34:39.191" endtime="20230724 14:34:50.244"/>
</kw>
<kw name="Input Text" library="SeleniumLibrary">
<arg>xpath=//*[@id="i0116"]</arg>
<arg>${Email}</arg>
<doc>Types the given ``text`` into the text field identified by ``locator``.</doc>
<msg timestamp="20230724 14:34:50.244" level="INFO">Typing text 'pawutinan_s@su.ac.th' into text field 'xpath=//*[@id="i0116"]'.</msg>
<status status="PASS" starttime="20230724 14:34:50.244" endtime="20230724 14:34:50.683"/>
</kw>
<status status="PASS" starttime="20230724 14:34:39.191" endtime="20230724 14:34:50.683"/>
</kw>
<kw name="Click Button Next" library="keyword_login">
<kw name="Click Element" library="SeleniumLibrary">
<arg>${Click Next, Yes, Sign in}</arg>
<doc>Click the element identified by ``locator``.</doc>
<msg timestamp="20230724 14:34:50.684" level="INFO">Clicking element 'xpath=//*[@id="idSIButton9"]'.</msg>
<status status="PASS" starttime="20230724 14:34:50.684" endtime="20230724 14:34:51.949"/>
</kw>
<status status="PASS" starttime="20230724 14:34:50.684" endtime="20230724 14:34:51.949"/>
</kw>
<kw name="Input your Password S1tt1d3tlm78" library="keyword_login" sourcename="Input your Password ${Password}">
<kw name="Wait Until Element Is Visible" library="SeleniumLibrary">
<arg>xpath=//*[@id="i0118"]</arg>
<arg>10s</arg>
<doc>Waits until the element ``locator`` is visible.</doc>
<status status="PASS" starttime="20230724 14:34:51.950" endtime="20230724 14:34:53.032"/>
</kw>
<kw name="Input Password" library="SeleniumLibrary">
<arg>xpath=//*[@id="i0118"]</arg>
<arg>${Password}</arg>
<doc>Types the given password into the text field identified by ``locator``.</doc>
<msg timestamp="20230724 14:34:53.032" level="INFO">Typing password into text field 'xpath=//*[@id="i0118"]'.</msg>
<msg timestamp="20230724 14:34:53.254" level="INFO">Temporally setting log level to: NONE</msg>
<msg timestamp="20230724 14:34:53.357" level="INFO">Log level changed from NONE to INFO.</msg>
<status status="PASS" starttime="20230724 14:34:53.032" endtime="20230724 14:34:53.357"/>
</kw>
<status status="PASS" starttime="20230724 14:34:51.949" endtime="20230724 14:34:53.357"/>
</kw>
<status status="PASS" starttime="20230724 14:34:35.577" endtime="20230724 14:34:53.357"/>
</test>
<status status="PASS" starttime="20230724 14:34:18.661" endtime="20230724 14:34:53.358"/>
</suite>
<statistics>
<total>
<stat pass="2" fail="0" skip="0">All Tests</stat>
</total>
<tag>
</tag>
<suite>
<stat pass="2" fail="0" skip="0" id="s1" name="webAdminSU">webAdminSU</stat>
</suite>
</statistics>
<errors>
</errors>
</robot>
