<?xml version="1.0" encoding="UTF-8"?>
<robot generator="Robot 6.1 (Python 3.11.4 on darwin)" generated="20230726 10:53:24.741" rpa="false" schemaversion="4">
<suite id="s1" name="webAdminSU" source="/Users/hoya/Desktop/automateTest/adminSU/Tests/webAdminSU.robot">
<test id="s1-t1" name="Open Web Admin Browser" line="6">
<kw name="Open Web Admin Browser SU smartplus" library="keyword_login">
<kw name="Open Browser" library="SeleniumLibrary">
<arg>https://smartplus-dev.su.ac.th/admin/auth</arg>
<arg>browser=chrome</arg>
<arg>options=add_experimental_option("detach", True)</arg>
<doc>Opens a new browser instance to the optional ``url``.</doc>
<msg timestamp="20230726 10:53:24.823" level="INFO">Opening browser 'chrome' to base url 'https://smartplus-dev.su.ac.th/admin/auth'.</msg>
<status status="PASS" starttime="20230726 10:53:24.822" endtime="20230726 10:53:58.365"/>
</kw>
<status status="PASS" starttime="20230726 10:53:24.822" endtime="20230726 10:53:58.365"/>
</kw>
<status status="PASS" starttime="20230726 10:53:24.822" endtime="20230726 10:53:58.365"/>
</test>
<test id="s1-t2" name="Admin Sign in with SSO success" line="9">
<kw name="Click Button sign in with sso" library="keyword_login">
<kw name="Click Element" library="SeleniumLibrary">
<arg>${Click Button sign in with SSO}</arg>
<doc>Click the element identified by ``locator``.</doc>
<msg timestamp="20230726 10:53:58.367" level="INFO">Clicking element 'xpath=//*[@id="root"]/div/div[2]/div/div/div/div/div/button/span'.</msg>
<status status="PASS" starttime="20230726 10:53:58.366" endtime="20230726 10:54:02.008"/>
</kw>
<status status="PASS" starttime="20230726 10:53:58.366" endtime="20230726 10:54:02.008"/>
</kw>
<kw name="Fill in your Email pawutinan_s@su.ac.th" library="keyword_login" sourcename="Fill in your Email ${Email}">
<kw name="Wait Until Element Is Visible" library="SeleniumLibrary">
<arg>xpath=//*[@id="i0116"]</arg>
<arg>10s</arg>
<doc>Waits until the element ``locator`` is visible.</doc>
<status status="PASS" starttime="20230726 10:54:02.008" endtime="20230726 10:54:06.961"/>
</kw>
<kw name="Input Text" library="SeleniumLibrary">
<arg>xpath=//*[@id="i0116"]</arg>
<arg>${Email}</arg>
<doc>Types the given ``text`` into the text field identified by ``locator``.</doc>
<msg timestamp="20230726 10:54:06.961" level="INFO">Typing text 'pawutinan_s@su.ac.th' into text field 'xpath=//*[@id="i0116"]'.</msg>
<status status="PASS" starttime="20230726 10:54:06.961" endtime="20230726 10:54:07.381"/>
</kw>
<status status="PASS" starttime="20230726 10:54:02.008" endtime="20230726 10:54:07.381"/>
</kw>
<kw name="Click Button Next" library="keyword_login">
<kw name="Click Element" library="SeleniumLibrary">
<arg>${Click Next, Yes, Sign in}</arg>
<doc>Click the element identified by ``locator``.</doc>
<msg timestamp="20230726 10:54:07.381" level="INFO">Clicking element 'xpath=//*[@id="idSIButton9"]'.</msg>
<status status="PASS" starttime="20230726 10:54:07.381" endtime="20230726 10:54:08.080"/>
</kw>
<status status="PASS" starttime="20230726 10:54:07.381" endtime="20230726 10:54:08.080"/>
</kw>
<kw name="Fill in your Password S1tt1d3tlm78" library="keyword_login" sourcename="Fill in your Password ${Password}">
<kw name="Wait Until Element Is Visible" library="SeleniumLibrary">
<arg>xpath=//*[@id="i0118"]</arg>
<arg>10s</arg>
<doc>Waits until the element ``locator`` is visible.</doc>
<status status="PASS" starttime="20230726 10:54:08.080" endtime="20230726 10:54:09.100"/>
</kw>
<kw name="Input Password" library="SeleniumLibrary">
<arg>xpath=//*[@id="i0118"]</arg>
<arg>${Password}</arg>
<doc>Types the given password into the text field identified by ``locator``.</doc>
<msg timestamp="20230726 10:54:09.101" level="INFO">Typing password into text field 'xpath=//*[@id="i0118"]'.</msg>
<msg timestamp="20230726 10:54:09.450" level="INFO">Temporally setting log level to: NONE</msg>
<msg timestamp="20230726 10:54:09.556" level="INFO">Log level changed from NONE to INFO.</msg>
<status status="PASS" starttime="20230726 10:54:09.100" endtime="20230726 10:54:09.556"/>
</kw>
<status status="PASS" starttime="20230726 10:54:08.080" endtime="20230726 10:54:09.556"/>
</kw>
<kw name="Click Button Sign in" library="keyword_login">
<kw name="Click Element" library="SeleniumLibrary">
<arg>${Click Next, Yes, Sign in}</arg>
<doc>Click the element identified by ``locator``.</doc>
<msg timestamp="20230726 10:54:09.556" level="INFO">Clicking element 'xpath=//*[@id="idSIButton9"]'.</msg>
<status status="PASS" starttime="20230726 10:54:09.556" endtime="20230726 10:54:11.741"/>
</kw>
<status status="PASS" starttime="20230726 10:54:09.556" endtime="20230726 10:54:11.741"/>
</kw>
<kw name="Click Button Yes" library="keyword_login">
<kw name="Wait Until Element Is Visible" library="SeleniumLibrary">
<arg>${Click Next, Yes, Sign in}</arg>
<arg>5s</arg>
<doc>Waits until the element ``locator`` is visible.</doc>
<status status="PASS" starttime="20230726 10:54:11.741" endtime="20230726 10:54:12.627"/>
</kw>
<kw name="Click Element" library="SeleniumLibrary">
<arg>${Click Next, Yes, Sign in}</arg>
<doc>Click the element identified by ``locator``.</doc>
<msg timestamp="20230726 10:54:12.628" level="INFO">Clicking element 'xpath=//*[@id="idSIButton9"]'.</msg>
<status status="PASS" starttime="20230726 10:54:12.627" endtime="20230726 10:54:13.100"/>
</kw>
<status status="PASS" starttime="20230726 10:54:11.741" endtime="20230726 10:54:13.100"/>
</kw>
<status status="PASS" starttime="20230726 10:53:58.366" endtime="20230726 10:54:13.100"/>
</test>
<test id="s1-t3" name="Menu News" line="38">
<kw name="Click Tab News" library="keyword_news">
<kw name="Wait Until Element Is Visible" library="SeleniumLibrary">
<arg>xpath=//*[@id="root"]/div/section/aside/div/div/div[1]/div[2]/ul/li[2]/span[2]</arg>
<arg>20s</arg>
<doc>Waits until the element ``locator`` is visible.</doc>
<status status="PASS" starttime="20230726 10:54:13.100" endtime="20230726 10:54:23.760"/>
</kw>
<kw name="Click Element" library="SeleniumLibrary">
<arg>xpath=//*[@id="root"]/div/section/aside/div/div/div[1]/div[2]/ul/li[2]/span[2]</arg>
<doc>Click the element identified by ``locator``.</doc>
<msg timestamp="20230726 10:54:23.761" level="INFO">Clicking element 'xpath=//*[@id="root"]/div/section/aside/div/div/div[1]/div[2]/ul/li[2]/span[2]'.</msg>
<status status="PASS" starttime="20230726 10:54:23.760" endtime="20230726 10:54:30.264"/>
</kw>
<status status="PASS" starttime="20230726 10:54:13.100" endtime="20230726 10:54:30.264"/>
</kw>
<kw name="Check that it is an News Page" library="keyword_news">
<kw name="Page Should Contain" library="SeleniumLibrary">
<arg>News</arg>
<doc>Verifies that current page contains ``text``.</doc>
<msg timestamp="20230726 10:54:31.450" level="INFO">Current page contains text 'News'.</msg>
<status status="PASS" starttime="20230726 10:54:30.264" endtime="20230726 10:54:31.450"/>
</kw>
<status status="PASS" starttime="20230726 10:54:30.264" endtime="20230726 10:54:31.450"/>
</kw>
<status status="PASS" starttime="20230726 10:54:13.100" endtime="20230726 10:54:31.450"/>
</test>
<test id="s1-t4" name="Check Tab in News" line="41">
<kw name="Check my news" library="keyword_news">
<kw name="Wait Until Element Is Visible" library="SeleniumLibrary">
<arg>${My news}</arg>
<arg>20s</arg>
<doc>Waits until the element ``locator`` is visible.</doc>
<status status="PASS" starttime="20230726 10:54:31.450" endtime="20230726 10:54:34.343"/>
</kw>
<kw name="Click Element" library="SeleniumLibrary">
<arg>${My news}</arg>
<doc>Click the element identified by ``locator``.</doc>
<msg timestamp="20230726 10:54:34.344" level="INFO">Clicking element 'xpath=//*[@id="root"]/div/div/section/section/main/div/div/div/div[1]/div[1]/div/div[2]'.</msg>
<status status="PASS" starttime="20230726 10:54:34.343" endtime="20230726 10:54:36.055"/>
</kw>
<status status="PASS" starttime="20230726 10:54:31.450" endtime="20230726 10:54:36.055"/>
</kw>
<kw name="Check filter by news category" library="keyword_news">
<kw name="Click Element" library="SeleniumLibrary">
<arg>xpath=//*[@id="rc-tabs-0-panel-my-news"]/div/div[1]/div[2]/div/div/span[1]</arg>
<doc>Click the element identified by ``locator``.</doc>
<msg timestamp="20230726 10:54:36.057" level="INFO">Clicking element 'xpath=//*[@id="rc-tabs-0-panel-my-news"]/div/div[1]/div[2]/div/div/span[1]'.</msg>
<status status="PASS" starttime="20230726 10:54:36.055" endtime="20230726 10:54:40.934"/>
</kw>
<kw name="Wait Until Element Is Visible" library="SeleniumLibrary">
<arg>xpath=//*[@id="rc-tabs-0-panel-my-news"]/div/div[1]/div[2]/div/div/span[1]</arg>
<arg>10s</arg>
<doc>Waits until the element ``locator`` is visible.</doc>
<status status="PASS" starttime="20230726 10:54:40.934" endtime="20230726 10:54:41.358"/>
</kw>
<kw name="Click Element" library="SeleniumLibrary">
<arg>xpath=(//div[@class='ant-select-item-option-content'])[2]</arg>
<doc>Click the element identified by ``locator``.</doc>
<msg timestamp="20230726 10:54:41.358" level="INFO">Clicking element 'xpath=(//div[@class='ant-select-item-option-content'])[2]'.</msg>
<status status="PASS" starttime="20230726 10:54:41.358" endtime="20230726 10:54:43.457"/>
</kw>
<status status="PASS" starttime="20230726 10:54:36.055" endtime="20230726 10:54:43.457"/>
</kw>
<status status="PASS" starttime="20230726 10:54:31.450" endtime="20230726 10:54:43.457"/>
</test>
<status status="PASS" starttime="20230726 10:53:24.742" endtime="20230726 10:54:43.458"/>
</suite>
<statistics>
<total>
<stat pass="4" fail="0" skip="0">All Tests</stat>
</total>
<tag>
</tag>
<suite>
<stat pass="4" fail="0" skip="0" id="s1" name="webAdminSU">webAdminSU</stat>
</suite>
</statistics>
<errors>
</errors>
</robot>
